10:00:54 **** Clean-only build of configuration Default for project Morpheus2 ****
make clean 
rm -f ./bin/output.elf
rm -rf ./bin
10:00:57 **** Build of configuration Default for project Morpheus ****
make all 
CC -I../include -I../src auto.c
CC -I../include -I../src help.c
CC -I../include -I../src init.c
CC -I../include -I../src opcontrol.c
LN ./bin/auto.o ./bin/help.o ./bin/init.o ./bin/opcontrol.o ./firmware/libccos.a -lgcc -lm to bin/output.elf
./bin/help.o: In function `cubicMap':
help.c:(.text.cubicMap+0x0): multiple definition of `cubicMap'
./bin/auto.o:auto.c:(.text.cubicMap+0x0): first defined here
./bin/init.o: In function `cubicMap':
init.c:(.text.cubicMap+0x0): multiple definition of `cubicMap'
./bin/auto.o:auto.c:(.text.cubicMap+0x0): first defined here
./bin/opcontrol.o: In function `cubicMap':
opcontrol.c:(.text.cubicMap+0x0): multiple definition of `cubicMap'
./bin/auto.o:auto.c:(.text.cubicMap+0x0): first defined here
collect2.exe: error: ld returned 1 exit status
make: *** [bin/output.elf] Error 1
10:01:06 **** Build of configuration Default for project Morpheus2 ****
make all 
CC -I../include -I../src auto.c
CC -I../include -I../src help.c
CC -I../include -I../src init.c
CC -I../include -I../src opcontrol.c
LN ./bin/auto.o ./bin/help.o ./bin/init.o ./bin/opcontrol.o ./firmware/libccos.a -lgcc -lm to bin/output.elf
./bin/help.o: In function `cubicMap':
help.c:(.text.cubicMap+0x0): multiple definition of `cubicMap'
./bin/auto.o:auto.c:(.text.cubicMap+0x0): first defined here
./bin/init.o: In function `cubicMap':
init.c:(.text.cubicMap+0x0): multiple definition of `cubicMap'
./bin/auto.o:auto.c:(.text.cubicMap+0x0): first defined here
./bin/opcontrol.o: In function `cubicMap':
opcontrol.c:(.text.cubicMap+0x0): multiple definition of `cubicMap'
./bin/auto.o:auto.c:(.text.cubicMap+0x0): first defined here
collect2.exe: error: ld returned 1 exit status
make: *** [bin/output.elf] Error 1
16:03:24 **** Clean-only build of configuration Default for project Morpheus ****
make clean 
rm -f ./bin/output.elf
rm -rf ./bin
16:03:25 **** Clean-only build of configuration Default for project Morpheus2 ****
make clean 
rm -f ./bin/output.elf
rm -rf ./bin
16:03:35 **** Build of configuration Default for project Morpheus ****
make all 
CC -I../include -I../src auto.c
CC -I../include -I../src help.c
CC -I../include -I../src init.c
CC -I../include -I../src opcontrol.c
LN ./bin/auto.o ./bin/help.o ./bin/init.o ./bin/opcontrol.o ./firmware/libccos.a -lgcc -lm to bin/output.elf
./bin/help.o: In function `cubicMap':
help.c:(.text.cubicMap+0x0): multiple definition of `cubicMap'
./bin/auto.o:auto.c:(.text.cubicMap+0x0): first defined here
./bin/init.o: In function `cubicMap':
init.c:(.text.cubicMap+0x0): multiple definition of `cubicMap'
./bin/auto.o:auto.c:(.text.cubicMap+0x0): first defined here
./bin/opcontrol.o: In function `cubicMap':
opcontrol.c:(.text.cubicMap+0x0): multiple definition of `cubicMap'
./bin/auto.o:auto.c:(.text.cubicMap+0x0): first defined here
collect2.exe: error: ld returned 1 exit status
make: *** [bin/output.elf] Error 1
16:03:42 **** Build of configuration Default for project Morpheus2 ****
make all 
CC -I../include -I../src auto.c
CC -I../include -I../src help.c
CC -I../include -I../src init.c
CC -I../include -I../src opcontrol.c
LN ./bin/auto.o ./bin/help.o ./bin/init.o ./bin/opcontrol.o ./firmware/libccos.a -lgcc -lm to bin/output.elf
./bin/help.o: In function `cubicMap':
help.c:(.text.cubicMap+0x0): multiple definition of `cubicMap'
./bin/auto.o:auto.c:(.text.cubicMap+0x0): first defined here
./bin/init.o: In function `cubicMap':
init.c:(.text.cubicMap+0x0): multiple definition of `cubicMap'
./bin/auto.o:auto.c:(.text.cubicMap+0x0): first defined here
./bin/opcontrol.o: In function `cubicMap':
opcontrol.c:(.text.cubicMap+0x0): multiple definition of `cubicMap'
./bin/auto.o:auto.c:(.text.cubicMap+0x0): first defined here
collect2.exe: error: ld returned 1 exit status
make: *** [bin/output.elf] Error 1
